{"sessionId": "f8ee46", "runId": "pre-fix", "hypothesisId": "H2", "location": "app/models.py:39", "message": "models_module_imported", "data": {"base_has_metadata": true}, "timestamp": 1774362771800}
{"sessionId": "f8ee46", "runId": "pre-fix", "hypothesisId": "H1", "location": "app/models.py:146", "message": "about_to_define_auditlog_class", "data": {"tablename": "audit_logs"}, "timestamp": 1774362771864}
{"sessionId": "f8ee46", "runId": "pre-fix", "hypothesisId": "H2", "location": "app/models.py:39", "message": "models_module_imported", "data": {"base_has_metadata": true}, "timestamp": 1774362787340}
{"sessionId": "f8ee46", "runId": "pre-fix", "hypothesisId": "H1", "location": "app/models.py:146", "message": "about_to_define_auditlog_class", "data": {"tablename": "audit_logs"}, "timestamp": 1774362787388}
{"sessionId": "f8ee46", "runId": "pre-fix", "hypothesisId": "H2", "location": "app/models.py:39", "message": "models_module_imported", "data": {"base_has_metadata": true}, "timestamp": 1774604704908}
{"sessionId": "f8ee46", "runId": "pre-fix", "hypothesisId": "H1", "location": "app/models.py:146", "message": "about_to_define_auditlog_class", "data": {"tablename": "audit_logs"}, "timestamp": 1774604704971}
{"sessionId": "f8ee46", "runId": "pre-fix", "hypothesisId": "H3", "location": "scripts/seed.py:30", "message": "seed_module_loaded", "data": {"cwd": "C:\\Users\\MURIUKI\\OneDrive\\Documents\\Pharmacy_System\\backend", "pythonpath": null}, "timestamp": 1774604704979}
{"sessionId": "f8ee46", "runId": "pre-fix", "hypothesisId": "H5", "location": "scripts/seed.py:66", "message": "seed_main_entry", "data": {"invocation": "__main__"}, "timestamp": 1774604704980}
{"sessionId": "f8ee46", "runId": "pre-fix", "hypothesisId": "H4", "location": "scripts/seed.py:36", "message": "seed_run_entered", "data": {"step": "open_db"}, "timestamp": 1774604704980}
{"sessionId": "f8ee46", "runId": "pre-fix", "hypothesisId": "H2", "location": "app/models.py:39", "message": "models_module_imported", "data": {"base_has_metadata": true}, "timestamp": 1774604727406}
{"sessionId": "f8ee46", "runId": "pre-fix", "hypothesisId": "H1", "location": "app/models.py:146", "message": "about_to_define_auditlog_class", "data": {"tablename": "audit_logs"}, "timestamp": 1774604727465}
{"sessionId": "f8ee46", "runId": "pre-fix", "hypothesisId": "H2", "location": "app/models.py:39", "message": "models_module_imported", "data": {"base_has_metadata": true}, "timestamp": 1774605399844}
{"sessionId": "f8ee46", "runId": "pre-fix", "hypothesisId": "H1", "location": "app/models.py:146", "message": "about_to_define_auditlog_class", "data": {"tablename": "audit_logs"}, "timestamp": 1774605399895}
{"sessionId": "f8ee46", "runId": "pre-fix", "hypothesisId": "H3", "location": "scripts/seed.py:30", "message": "seed_module_loaded", "data": {"cwd": "C:\\Users\\MURIUKI\\OneDrive\\Documents\\Pharmacy_System\\backend", "pythonpath": null}, "timestamp": 1774605399903}
{"sessionId": "f8ee46", "runId": "pre-fix", "hypothesisId": "H5", "location": "scripts/seed.py:66", "message": "seed_main_entry", "data": {"invocation": "__main__"}, "timestamp": 1774605399904}
{"sessionId": "f8ee46", "runId": "pre-fix", "hypothesisId": "H4", "location": "scripts/seed.py:36", "message": "seed_run_entered", "data": {"step": "open_db"}, "timestamp": 1774605399904}
{"sessionId": "f8ee46", "runId": "pre-fix", "hypothesisId": "H2", "location": "app/models.py:39", "message": "models_module_imported", "data": {"base_has_metadata": true}, "timestamp": 1774605523982}
{"sessionId": "f8ee46", "runId": "pre-fix", "hypothesisId": "H1", "location": "app/models.py:146", "message": "about_to_define_auditlog_class", "data": {"tablename": "audit_logs"}, "timestamp": 1774605524040}
{"sessionId": "f8ee46", "runId": "pre-fix", "hypothesisId": "H3", "location": "scripts/seed.py:30", "message": "seed_module_loaded", "data": {"cwd": "C:\\Users\\MURIUKI\\OneDrive\\Documents\\Pharmacy_System\\backend", "pythonpath": null}, "timestamp": 1774605524047}
{"sessionId": "f8ee46", "runId": "pre-fix", "hypothesisId": "H5", "location": "scripts/seed.py:66", "message": "seed_main_entry", "data": {"invocation": "__main__"}, "timestamp": 1774605524049}
{"sessionId": "f8ee46", "runId": "pre-fix", "hypothesisId": "H4", "location": "scripts/seed.py:36", "message": "seed_run_entered", "data": {"step": "open_db"}, "timestamp": 1774605524049}
{"sessionId": "f8ee46", "runId": "pre-fix", "hypothesisId": "H2", "location": "app/models.py:39", "message": "models_module_imported", "data": {"base_has_metadata": true}, "timestamp": 1774605648645}
{"sessionId": "f8ee46", "runId": "pre-fix", "hypothesisId": "H1", "location": "app/models.py:146", "message": "about_to_define_auditlog_class", "data": {"tablename": "audit_logs"}, "timestamp": 1774605648696}
{"sessionId": "f8ee46", "runId": "pre-fix", "hypothesisId": "H3", "location": "scripts/seed.py:30", "message": "seed_module_loaded", "data": {"cwd": "C:\\Users\\MURIUKI\\OneDrive\\Documents\\Pharmacy_System\\backend", "pythonpath": null}, "timestamp": 1774605648704}
{"sessionId": "f8ee46", "runId": "pre-fix", "hypothesisId": "H5", "location": "scripts/seed.py:66", "message": "seed_main_entry", "data": {"invocation": "__main__"}, "timestamp": 1774605648705}
{"sessionId": "f8ee46", "runId": "pre-fix", "hypothesisId": "H4", "location": "scripts/seed.py:36", "message": "seed_run_entered", "data": {"step": "open_db"}, "timestamp": 1774605648706}
{"sessionId": "f8ee46", "runId": "pre-fix", "hypothesisId": "H2", "location": "app/models.py:39", "message": "models_module_imported", "data": {"base_has_metadata": true}, "timestamp": 1774605720153}
{"sessionId": "f8ee46", "runId": "pre-fix", "hypothesisId": "H1", "location": "app/models.py:146", "message": "about_to_define_auditlog_class", "data": {"tablename": "audit_logs"}, "timestamp": 1774605720204}
{"sessionId": "f8ee46", "runId": "pre-fix", "hypothesisId": "H2", "location": "app/models.py:39", "message": "models_module_imported", "data": {"base_has_metadata": true}, "timestamp": 1774606372044}
{"sessionId": "f8ee46", "runId": "pre-fix", "hypothesisId": "H1", "location": "app/models.py:146", "message": "about_to_define_auditlog_class", "data": {"tablename": "audit_logs"}, "timestamp": 1774606372097}
{"sessionId": "f8ee46", "runId": "pre-fix", "hypothesisId": "H2", "location": "app/models.py:39", "message": "models_module_imported", "data": {"base_has_metadata": true}, "timestamp": 1774606517410}
{"sessionId": "f8ee46", "runId": "pre-fix", "hypothesisId": "H1", "location": "app/models.py:146", "message": "about_to_define_auditlog_class", "data": {"tablename": "audit_logs"}, "timestamp": 1774606517518}
{"sessionId": "f8ee46", "runId": "pre-fix", "hypothesisId": "H2", "location": "app/models.py:39", "message": "models_module_imported", "data": {"base_has_metadata": true}, "timestamp": 1774606531654}
{"sessionId": "f8ee46", "runId": "pre-fix", "hypothesisId": "H1", "location": "app/models.py:146", "message": "about_to_define_auditlog_class", "data": {"tablename": "audit_logs"}, "timestamp": 1774606531824}
{"sessionId": "f8ee46", "runId": "pre-fix", "hypothesisId": "H2", "location": "app/models.py:39", "message": "models_module_imported", "data": {"base_has_metadata": true}, "timestamp": 1774856549539}
{"sessionId": "f8ee46", "runId": "pre-fix", "hypothesisId": "H1", "location": "app/models.py:146", "message": "about_to_define_auditlog_class", "data": {"tablename": "audit_logs"}, "timestamp": 1774856549606}
{"sessionId": "f8ee46", "runId": "pre-fix", "hypothesisId": "H2", "location": "app/models.py:39", "message": "models_module_imported", "data": {"base_has_metadata": true}, "timestamp": 1774858291435}
{"sessionId": "f8ee46", "runId": "pre-fix", "hypothesisId": "H1", "location": "app/models.py:146", "message": "about_to_define_auditlog_class", "data": {"tablename": "audit_logs"}, "timestamp": 1774858291488}
{"sessionId": "f8ee46", "runId": "pre-fix", "hypothesisId": "H2", "location": "app/models.py:39", "message": "models_module_imported", "data": {"base_has_metadata": true}, "timestamp": 1774859583241}
{"sessionId": "f8ee46", "runId": "pre-fix", "hypothesisId": "H1", "location": "app/models.py:146", "message": "about_to_define_auditlog_class", "data": {"tablename": "audit_logs"}, "timestamp": 1774859583301}
{"sessionId": "f8ee46", "runId": "pre-fix", "hypothesisId": "H2", "location": "app/models.py:39", "message": "models_module_imported", "data": {"base_has_metadata": true}, "timestamp": 1774859588149}
{"sessionId": "f8ee46", "runId": "pre-fix", "hypothesisId": "H1", "location": "app/models.py:146", "message": "about_to_define_auditlog_class", "data": {"tablename": "audit_logs"}, "timestamp": 1774859588191}
{"sessionId": "f8ee46", "runId": "pre-fix", "hypothesisId": "H2", "location": "app/models.py:39", "message": "models_module_imported", "data": {"base_has_metadata": true}, "timestamp": 1774859596614}
{"sessionId": "f8ee46", "runId": "pre-fix", "hypothesisId": "H1", "location": "app/models.py:146", "message": "about_to_define_auditlog_class", "data": {"tablename": "audit_logs"}, "timestamp": 1774859596656}
{"sessionId": "f8ee46", "runId": "pre-fix", "hypothesisId": "H2", "location": "app/models.py:39", "message": "models_module_imported", "data": {"base_has_metadata": true}, "timestamp": 1774859601005}
{"sessionId": "f8ee46", "runId": "pre-fix", "hypothesisId": "H1", "location": "app/models.py:146", "message": "about_to_define_auditlog_class", "data": {"tablename": "audit_logs"}, "timestamp": 1774859601052}
{"sessionId": "f8ee46", "runId": "pre-fix", "hypothesisId": "H2", "location": "app/models.py:39", "message": "models_module_imported", "data": {"base_has_metadata": true}, "timestamp": 1774859606835}
{"sessionId": "f8ee46", "runId": "pre-fix", "hypothesisId": "H1", "location": "app/models.py:146", "message": "about_to_define_auditlog_class", "data": {"tablename": "audit_logs"}, "timestamp": 1774859606867}
{"sessionId": "f8ee46", "runId": "pre-fix", "hypothesisId": "H2", "location": "app/models.py:39", "message": "models_module_imported", "data": {"base_has_metadata": true}, "timestamp": 1775545089349}
{"sessionId": "f8ee46", "runId": "pre-fix", "hypothesisId": "H1", "location": "app/models.py:146", "message": "about_to_define_auditlog_class", "data": {"tablename": "audit_logs"}, "timestamp": 1775545089423}
{"sessionId": "f8ee46", "runId": "pre-fix", "hypothesisId": "H3", "location": "scripts/seed.py:30", "message": "seed_module_loaded", "data": {"cwd": "C:\\Users\\MURIUKI\\OneDrive\\Documents\\Pharmacy_System\\backend", "pythonpath": null}, "timestamp": 1775545089436}
{"sessionId": "f8ee46", "runId": "pre-fix", "hypothesisId": "H5", "location": "scripts/seed.py:66", "message": "seed_main_entry", "data": {"invocation": "__main__"}, "timestamp": 1775545089437}
{"sessionId": "f8ee46", "runId": "pre-fix", "hypothesisId": "H4", "location": "scripts/seed.py:36", "message": "seed_run_entered", "data": {"step": "open_db"}, "timestamp": 1775545089438}
{"sessionId": "f8ee46", "runId": "pre-fix", "hypothesisId": "H2", "location": "app/models.py:39", "message": "models_module_imported", "data": {"base_has_metadata": true}, "timestamp": 1775545364093}
{"sessionId": "f8ee46", "runId": "pre-fix", "hypothesisId": "H1", "location": "app/models.py:146", "message": "about_to_define_auditlog_class", "data": {"tablename": "audit_logs"}, "timestamp": 1775545364136}
{"sessionId": "f8ee46", "runId": "pre-fix", "hypothesisId": "H3", "location": "scripts/seed.py:30", "message": "seed_module_loaded", "data": {"cwd": "C:\\Users\\MURIUKI\\OneDrive\\Documents\\Pharmacy_System\\backend", "pythonpath": null}, "timestamp": 1775545364145}
{"sessionId": "f8ee46", "runId": "pre-fix", "hypothesisId": "H5", "location": "scripts/seed.py:66", "message": "seed_main_entry", "data": {"invocation": "__main__"}, "timestamp": 1775545364146}
{"sessionId": "f8ee46", "runId": "pre-fix", "hypothesisId": "H4", "location": "scripts/seed.py:36", "message": "seed_run_entered", "data": {"step": "open_db"}, "timestamp": 1775545364147}
{"sessionId": "f8ee46", "runId": "pre-fix", "hypothesisId": "H2", "location": "app/models.py:39", "message": "models_module_imported", "data": {"base_has_metadata": true}, "timestamp": 1775545386173}
{"sessionId": "f8ee46", "runId": "pre-fix", "hypothesisId": "H1", "location": "app/models.py:146", "message": "about_to_define_auditlog_class", "data": {"tablename": "audit_logs"}, "timestamp": 1775545386252}
{"sessionId": "f8ee46", "runId": "pre-fix", "hypothesisId": "H2", "location": "app/models.py:39", "message": "models_module_imported", "data": {"base_has_metadata": true}, "timestamp": 1775546198298}
{"sessionId": "f8ee46", "runId": "pre-fix", "hypothesisId": "H1", "location": "app/models.py:146", "message": "about_to_define_auditlog_class", "data": {"tablename": "audit_logs"}, "timestamp": 1775546198369}
{"sessionId": "f8ee46", "runId": "pre-fix", "hypothesisId": "H2", "location": "app/models.py:39", "message": "models_module_imported", "data": {"base_has_metadata": true}, "timestamp": 1775548696434}
{"sessionId": "f8ee46", "runId": "pre-fix", "hypothesisId": "H1", "location": "app/models.py:146", "message": "about_to_define_auditlog_class", "data": {"tablename": "audit_logs"}, "timestamp": 1775548696473}
{"sessionId": "f8ee46", "runId": "pre-fix", "hypothesisId": "H2", "location": "app/models.py:39", "message": "models_module_imported", "data": {"base_has_metadata": true}, "timestamp": 1775549569520}
{"sessionId": "f8ee46", "runId": "pre-fix", "hypothesisId": "H1", "location": "app/models.py:146", "message": "about_to_define_auditlog_class", "data": {"tablename": "audit_logs"}, "timestamp": 1775549569578}
{"sessionId": "f8ee46", "runId": "pre-fix", "hypothesisId": "H2", "location": "app/models.py:39", "message": "models_module_imported", "data": {"base_has_metadata": true}, "timestamp": 1775549580367}
{"sessionId": "f8ee46", "runId": "pre-fix", "hypothesisId": "H1", "location": "app/models.py:146", "message": "about_to_define_auditlog_class", "data": {"tablename": "audit_logs"}, "timestamp": 1775549580427}
{"sessionId": "f8ee46", "runId": "pre-fix", "hypothesisId": "H2", "location": "app/models.py:39", "message": "models_module_imported", "data": {"base_has_metadata": true}, "timestamp": 1775552173426}
{"sessionId": "f8ee46", "runId": "pre-fix", "hypothesisId": "H1", "location": "app/models.py:146", "message": "about_to_define_auditlog_class", "data": {"tablename": "audit_logs"}, "timestamp": 1775552173483}
{"sessionId": "f8ee46", "runId": "pre-fix", "hypothesisId": "H2", "location": "app/models.py:39", "message": "models_module_imported", "data": {"base_has_metadata": true}, "timestamp": 1775552178703}
{"sessionId": "f8ee46", "runId": "pre-fix", "hypothesisId": "H1", "location": "app/models.py:146", "message": "about_to_define_auditlog_class", "data": {"tablename": "audit_logs"}, "timestamp": 1775552178757}
{"sessionId": "f8ee46", "runId": "pre-fix", "hypothesisId": "H2", "location": "app/models.py:39", "message": "models_module_imported", "data": {"base_has_metadata": true}, "timestamp": 1775552184417}
{"sessionId": "f8ee46", "runId": "pre-fix", "hypothesisId": "H1", "location": "app/models.py:146", "message": "about_to_define_auditlog_class", "data": {"tablename": "audit_logs"}, "timestamp": 1775552184476}
{"sessionId": "f8ee46", "runId": "pre-fix", "hypothesisId": "H2", "location": "app/models.py:39", "message": "models_module_imported", "data": {"base_has_metadata": true}, "timestamp": 1775552342046}
{"sessionId": "f8ee46", "runId": "pre-fix", "hypothesisId": "H1", "location": "app/models.py:146", "message": "about_to_define_auditlog_class", "data": {"tablename": "audit_logs"}, "timestamp": 1775552342085}
{"sessionId": "f8ee46", "runId": "pre-fix", "hypothesisId": "H2", "location": "app/models.py:39", "message": "models_module_imported", "data": {"base_has_metadata": true}, "timestamp": 1775641007634}
{"sessionId": "f8ee46", "runId": "pre-fix", "hypothesisId": "H1", "location": "app/models.py:146", "message": "about_to_define_auditlog_class", "data": {"tablename": "audit_logs"}, "timestamp": 1775641007676}
{"sessionId": "f8ee46", "runId": "pre-fix", "hypothesisId": "H2", "location": "app/models.py:39", "message": "models_module_imported", "data": {"base_has_metadata": true}, "timestamp": 1775641861644}
{"sessionId": "f8ee46", "runId": "pre-fix", "hypothesisId": "H1", "location": "app/models.py:146", "message": "about_to_define_auditlog_class", "data": {"tablename": "audit_logs"}, "timestamp": 1775641861678}
